<?xml version="1.0" encoding="UTF-8"?>
<!-- Generated by org.testng.reporters.JUnitReportReporter -->
<testsuite hostname="HMECL001578" name="com.html.net.Testclasshtml" tests="2" failures="0" timestamp="13 Mar 2019 04:59:31 GMT" time="3.979" errors="0">
  <testcase name="sendemail" time="3.959" classname="com.html.net.Testclasshtml"/>
  <testcase name="login" time="0.020" classname="com.html.net.Testclasshtml"/>
</testsuite> <!-- com.html.net.Testclasshtml -->
