<?xml version="1.0" encoding="UTF-8"?>
<!-- Generated by org.testng.reporters.JUnitReportReporter -->
<testsuite hostname="HMECL001578" name="com.dailysanity.mcaas.fnssanitycheck" tests="1" failures="0" timestamp="27 Feb 2019 08:54:25 GMT" time="35.181" errors="0">
  <testcase name="run" time="35.181" classname="com.dailysanity.mcaas.fnssanitycheck"/>
</testsuite> <!-- com.dailysanity.mcaas.fnssanitycheck -->
