<?xml version="1.0" encoding="UTF-8"?>
<!-- Generated by org.testng.reporters.JUnitReportReporter -->
<testsuite hostname="HMECL001578" name="net.fns.tcs.KE_Testcase_01" tests="5" failures="0" timestamp="4 Mar 2019 10:35:16 GMT" time="346.380" errors="0">
  <testcase name="PDFdownloadnResearchload" time="99.828" classname="net.fns.tcs.KE_Testcase_01"/>
  <testcase name="KEresposnecheck" time="27.591" classname="net.fns.tcs.KE_Testcase_01"/>
  <testcase name="Augsearchsposnecheck" time="22.889" classname="net.fns.tcs.KE_Testcase_01"/>
  <testcase name="Vaultposnecheck" time="186.900" classname="net.fns.tcs.KE_Testcase_01"/>
  <testcase name="login" time="9.172" classname="net.fns.tcs.KE_Testcase_01"/>
</testsuite> <!-- net.fns.tcs.KE_Testcase_01 -->
