<?xml version="1.0" encoding="UTF-8"?>
<!-- Generated by org.testng.reporters.JUnitReportReporter -->
<testsuite hostname="HMECL001578" name="net.fns.tcs.fns_Research_load" tests="3" failures="0" timestamp="21 Mar 2019 07:13:09 GMT" time="107.452" errors="0">
  <testcase name="sendemail" time="4.567" classname="net.fns.tcs.fns_Research_load"/>
  <testcase name="PDFdownloadnResearchload" time="69.705" classname="net.fns.tcs.fns_Research_load"/>
  <testcase name="login" time="33.180" classname="net.fns.tcs.fns_Research_load"/>
</testsuite> <!-- net.fns.tcs.fns_Research_load -->
